<?xml version="1.0" encoding="UTF-8"?>
<!-- Generated by org.testng.reporters.JUnitReportReporter -->
<testsuite hostname="vineet-pc" name="tests.GoogleSearchTest" tests="2" failures="0" timestamp="16 Jun 2018 19:20:12 GMT" time="5.568" errors="0">
  <testcase name="verifySearchBarFunctionalityWithValidInputs" time="1.661" classname="tests.GoogleSearchTest"/>
  <testcase name="verifySearchBarFunctionalityWithInvalidInputs" time="3.907" classname="tests.GoogleSearchTest"/>
</testsuite> <!-- tests.GoogleSearchTest -->
