<?xml version="1.0" encoding="UTF-8"?>
<!-- Generated by org.testng.reporters.JUnitReportReporter -->
<testsuite hostname="vineet-pc" name="tests.GoogleSearchTest" tests="2" failures="0" timestamp="19 Jun 2018 19:23:27 GMT" time="5.588" errors="0">
  <testcase name="verifySearchBarFunctionalityWithInvalidInputs" time="3.662" classname="tests.GoogleSearchTest"/>
  <testcase name="verifySearchBarFunctionalityWithValidInputs" time="1.926" classname="tests.GoogleSearchTest"/>
</testsuite> <!-- tests.GoogleSearchTest -->
